2026-07-10T08:21:38: 58863:signal-handler (1783671698) Received SIGINT scheduling shutdown...
2026-07-10T08:21:38: 58863:M 10 Jul 2026 08:21:38.683 # User requested shutdown...
2026-07-10T08:21:38: 58863:M 10 Jul 2026 08:21:38.687 # Redis is now ready to exit, bye bye...
2026-07-10T08:21:42: 19253:C 10 Jul 2026 08:21:42.279 # oO0OoO0OoO0Oo Redis is starting oO0OoO0OoO0Oo
2026-07-10T08:21:42: 19253:C 10 Jul 2026 08:21:42.279 # Redis version=7.0.15, bits=64, commit=00000000, modified=0, pid=19253, just started
2026-07-10T08:21:42: 19253:C 10 Jul 2026 08:21:42.279 # Configuration loaded
2026-07-10T08:21:42: 19253:M 10 Jul 2026 08:21:42.280 # Server initialized
2026-07-10T16:16:38: 19253:signal-handler (1783700198) Received SIGINT scheduling shutdown...
2026-07-10T16:16:38: 19253:M 10 Jul 2026 16:16:38.291 # User requested shutdown...
2026-07-10T16:16:38: 19253:M 10 Jul 2026 16:16:38.303 # Redis is now ready to exit, bye bye...
2026-07-10T16:16:41: 47460:C 10 Jul 2026 16:16:41.910 # oO0OoO0OoO0Oo Redis is starting oO0OoO0OoO0Oo
2026-07-10T16:16:41: 47460:C 10 Jul 2026 16:16:41.910 # Redis version=7.0.15, bits=64, commit=00000000, modified=0, pid=47460, just started
2026-07-10T16:16:41: 47460:C 10 Jul 2026 16:16:41.910 # Configuration loaded
2026-07-10T16:16:41: 47460:M 10 Jul 2026 16:16:41.910 # Server initialized
2026-07-10T17:03:29: 47460:signal-handler (1783703009) Received SIGINT scheduling shutdown...
2026-07-10T17:03:29: 47460:M 10 Jul 2026 17:03:29.594 # User requested shutdown...
2026-07-10T17:03:29: 47460:M 10 Jul 2026 17:03:29.599 # Redis is now ready to exit, bye bye...
2026-07-10T17:03:33: 3380:C 10 Jul 2026 17:03:33.163 # oO0OoO0OoO0Oo Redis is starting oO0OoO0OoO0Oo
2026-07-10T17:03:33: 3380:C 10 Jul 2026 17:03:33.163 # Redis version=7.0.15, bits=64, commit=00000000, modified=0, pid=3380, just started
2026-07-10T17:03:33: 3380:C 10 Jul 2026 17:03:33.163 # Configuration loaded
2026-07-10T17:03:33: 3380:M 10 Jul 2026 17:03:33.164 # Server initialized
2026-07-10T17:15:36: 3380:signal-handler (1783703736) Received SIGINT scheduling shutdown...
2026-07-10T17:15:36: 3380:M 10 Jul 2026 17:15:36.662 # User requested shutdown...
2026-07-10T17:15:36: 3380:M 10 Jul 2026 17:15:36.666 # Redis is now ready to exit, bye bye...
2026-07-10T17:15:40: 9303:C 10 Jul 2026 17:15:40.220 # oO0OoO0OoO0Oo Redis is starting oO0OoO0OoO0Oo
2026-07-10T17:15:40: 9303:C 10 Jul 2026 17:15:40.220 # Redis version=7.0.15, bits=64, commit=00000000, modified=0, pid=9303, just started
2026-07-10T17:15:40: 9303:C 10 Jul 2026 17:15:40.220 # Configuration loaded
2026-07-10T17:15:40: 9303:M 10 Jul 2026 17:15:40.221 # Server initialized
2026-07-10T17:47:55: 9303:signal-handler (1783705675) Received SIGINT scheduling shutdown...
2026-07-10T17:47:55: 9303:M 10 Jul 2026 17:47:55.184 # User requested shutdown...
2026-07-10T17:47:55: 9303:M 10 Jul 2026 17:47:55.205 # Redis is now ready to exit, bye bye...
2026-07-10T17:47:58: 24795:C 10 Jul 2026 17:47:58.867 # oO0OoO0OoO0Oo Redis is starting oO0OoO0OoO0Oo
2026-07-10T17:47:58: 24795:C 10 Jul 2026 17:47:58.867 # Redis version=7.0.15, bits=64, commit=00000000, modified=0, pid=24795, just started
2026-07-10T17:47:58: 24795:C 10 Jul 2026 17:47:58.867 # Configuration loaded
2026-07-10T17:47:58: 24795:M 10 Jul 2026 17:47:58.867 # Server initialized
2026-07-10T17:54:00: 24795:signal-handler (1783706040) Received SIGINT scheduling shutdown...
2026-07-10T17:54:00: 24795:M 10 Jul 2026 17:54:00.370 # User requested shutdown...
2026-07-10T17:54:00: 24795:M 10 Jul 2026 17:54:00.380 # Redis is now ready to exit, bye bye...
2026-07-10T17:54:04: 31023:C 10 Jul 2026 17:54:04.005 # oO0OoO0OoO0Oo Redis is starting oO0OoO0OoO0Oo
2026-07-10T17:54:04: 31023:C 10 Jul 2026 17:54:04.005 # Redis version=7.0.15, bits=64, commit=00000000, modified=0, pid=31023, just started
2026-07-10T17:54:04: 31023:C 10 Jul 2026 17:54:04.005 # Configuration loaded
2026-07-10T17:54:04: 31023:M 10 Jul 2026 17:54:04.005 # Server initialized
2026-07-10T17:56:39: 31023:signal-handler (1783706199) Received SIGINT scheduling shutdown...
2026-07-10T17:56:40: 31023:M 10 Jul 2026 17:56:40.053 # User requested shutdown...
2026-07-10T17:56:40: 31023:M 10 Jul 2026 17:56:40.058 # Redis is now ready to exit, bye bye...
2026-07-10T17:56:44: 32657:C 10 Jul 2026 17:56:44.027 # oO0OoO0OoO0Oo Redis is starting oO0OoO0OoO0Oo
2026-07-10T17:56:44: 32657:C 10 Jul 2026 17:56:44.027 # Redis version=7.0.15, bits=64, commit=00000000, modified=0, pid=32657, just started
2026-07-10T17:56:44: 32657:C 10 Jul 2026 17:56:44.027 # Configuration loaded
2026-07-10T17:56:44: 32657:M 10 Jul 2026 17:56:44.027 # Server initialized
2026-07-10T18:21:05: 32657:signal-handler (1783707665) Received SIGINT scheduling shutdown...
2026-07-10T18:21:06: 32657:M 10 Jul 2026 18:21:06.032 # User requested shutdown...
2026-07-10T18:21:06: 32657:M 10 Jul 2026 18:21:06.037 # Redis is now ready to exit, bye bye...
2026-07-10T18:21:09: 53156:C 10 Jul 2026 18:21:09.575 # oO0OoO0OoO0Oo Redis is starting oO0OoO0OoO0Oo
2026-07-10T18:21:09: 53156:C 10 Jul 2026 18:21:09.575 # Redis version=7.0.15, bits=64, commit=00000000, modified=0, pid=53156, just started
2026-07-10T18:21:09: 53156:C 10 Jul 2026 18:21:09.575 # Configuration loaded
2026-07-10T18:21:09: 53156:M 10 Jul 2026 18:21:09.576 # Server initialized
2026-07-10T18:35:40: 53156:signal-handler (1783708540) Received SIGINT scheduling shutdown...
2026-07-10T18:35:40: 53156:M 10 Jul 2026 18:35:40.793 # User requested shutdown...
2026-07-10T18:35:40: 53156:M 10 Jul 2026 18:35:40.797 # Redis is now ready to exit, bye bye...
2026-07-10T18:35:44: 61279:C 10 Jul 2026 18:35:44.366 # oO0OoO0OoO0Oo Redis is starting oO0OoO0OoO0Oo
2026-07-10T18:35:44: 61279:C 10 Jul 2026 18:35:44.366 # Redis version=7.0.15, bits=64, commit=00000000, modified=0, pid=61279, just started
2026-07-10T18:35:44: 61279:C 10 Jul 2026 18:35:44.366 # Configuration loaded
2026-07-10T18:35:44: 61279:M 10 Jul 2026 18:35:44.367 # Server initialized
2026-07-10T19:07:25: 61279:signal-handler (1783710445) Received SIGINT scheduling shutdown...
2026-07-10T19:07:25: 61279:M 10 Jul 2026 19:07:25.393 # User requested shutdown...
2026-07-10T19:07:25: 61279:M 10 Jul 2026 19:07:25.398 # Redis is now ready to exit, bye bye...
2026-07-10T19:07:28: 10515:C 10 Jul 2026 19:07:28.937 # oO0OoO0OoO0Oo Redis is starting oO0OoO0OoO0Oo
2026-07-10T19:07:28: 10515:C 10 Jul 2026 19:07:28.937 # Redis version=7.0.15, bits=64, commit=00000000, modified=0, pid=10515, just started
2026-07-10T19:07:28: 10515:C 10 Jul 2026 19:07:28.937 # Configuration loaded
2026-07-10T19:07:28: 10515:M 10 Jul 2026 19:07:28.938 # Server initialized
2026-07-11T00:11:57: 10515:signal-handler (1783728717) Received SIGINT scheduling shutdown...
2026-07-11T00:11:57: 10515:M 11 Jul 2026 00:11:57.221 # User requested shutdown...
2026-07-11T00:11:57: 10515:M 11 Jul 2026 00:11:57.227 # Redis is now ready to exit, bye bye...
2026-07-11T00:12:00: 43468:C 11 Jul 2026 00:12:00.784 # oO0OoO0OoO0Oo Redis is starting oO0OoO0OoO0Oo
2026-07-11T00:12:00: 43468:C 11 Jul 2026 00:12:00.784 # Redis version=7.0.15, bits=64, commit=00000000, modified=0, pid=43468, just started
2026-07-11T00:12:00: 43468:C 11 Jul 2026 00:12:00.784 # Configuration loaded
2026-07-11T00:12:00: 43468:M 11 Jul 2026 00:12:00.784 # Server initialized
2026-07-11T00:17:06: 43468:signal-handler (1783729026) Received SIGINT scheduling shutdown...
2026-07-11T00:17:06: 43468:M 11 Jul 2026 00:17:06.583 # User requested shutdown...
2026-07-11T00:17:06: 43468:M 11 Jul 2026 00:17:06.588 # Redis is now ready to exit, bye bye...
2026-07-11T00:17:10: 46671:C 11 Jul 2026 00:17:10.185 # oO0OoO0OoO0Oo Redis is starting oO0OoO0OoO0Oo
2026-07-11T00:17:10: 46671:C 11 Jul 2026 00:17:10.185 # Redis version=7.0.15, bits=64, commit=00000000, modified=0, pid=46671, just started
2026-07-11T00:17:10: 46671:C 11 Jul 2026 00:17:10.185 # Configuration loaded
2026-07-11T00:17:10: 46671:M 11 Jul 2026 00:17:10.185 # Server initialized
2026-07-11T00:21:24: 46671:signal-handler (1783729284) Received SIGINT scheduling shutdown...
2026-07-11T00:21:24: 46671:M 11 Jul 2026 00:21:24.662 # User requested shutdown...
2026-07-11T00:21:24: 46671:M 11 Jul 2026 00:21:24.666 # Redis is now ready to exit, bye bye...
2026-07-11T00:21:28: 50609:C 11 Jul 2026 00:21:28.240 # oO0OoO0OoO0Oo Redis is starting oO0OoO0OoO0Oo
2026-07-11T00:21:28: 50609:C 11 Jul 2026 00:21:28.240 # Redis version=7.0.15, bits=64, commit=00000000, modified=0, pid=50609, just started
2026-07-11T00:21:28: 50609:C 11 Jul 2026 00:21:28.240 # Configuration loaded
2026-07-11T00:21:28: 50609:M 11 Jul 2026 00:21:28.241 # Server initialized
2026-07-11T00:24:11: 50609:signal-handler (1783729451) Received SIGINT scheduling shutdown...
2026-07-11T00:24:11: 50609:M 11 Jul 2026 00:24:11.390 # User requested shutdown...
2026-07-11T00:24:11: 50609:M 11 Jul 2026 00:24:11.394 # Redis is now ready to exit, bye bye...
2026-07-11T00:24:14: 52534:C 11 Jul 2026 00:24:14.928 # oO0OoO0OoO0Oo Redis is starting oO0OoO0OoO0Oo
2026-07-11T00:24:14: 52534:C 11 Jul 2026 00:24:14.928 # Redis version=7.0.15, bits=64, commit=00000000, modified=0, pid=52534, just started
2026-07-11T00:24:14: 52534:C 11 Jul 2026 00:24:14.928 # Configuration loaded
2026-07-11T00:24:14: 52534:M 11 Jul 2026 00:24:14.929 # Server initialized
2026-07-11T00:25:02: 52534:signal-handler (1783729502) Received SIGINT scheduling shutdown...
2026-07-11T00:25:03: 52534:M 11 Jul 2026 00:25:03.070 # User requested shutdown...
2026-07-11T00:25:03: 52534:M 11 Jul 2026 00:25:03.074 # Redis is now ready to exit, bye bye...
2026-07-11T00:25:08: 53962:C 11 Jul 2026 00:25:08.645 # oO0OoO0OoO0Oo Redis is starting oO0OoO0OoO0Oo
2026-07-11T00:25:08: 53962:C 11 Jul 2026 00:25:08.645 # Redis version=7.0.15, bits=64, commit=00000000, modified=0, pid=53962, just started
2026-07-11T00:25:08: 53962:C 11 Jul 2026 00:25:08.645 # Configuration loaded
2026-07-11T00:25:08: 53962:M 11 Jul 2026 00:25:08.646 # Server initialized
2026-07-11T00:49:45: 53962:signal-handler (1783730985) Received SIGINT scheduling shutdown...
2026-07-11T00:49:45: 53962:M 11 Jul 2026 00:49:45.851 # User requested shutdown...
2026-07-11T00:49:45: 53962:M 11 Jul 2026 00:49:45.874 # Redis is now ready to exit, bye bye...
2026-07-11T00:49:51: 5006:C 11 Jul 2026 00:49:51.421 # oO0OoO0OoO0Oo Redis is starting oO0OoO0OoO0Oo
2026-07-11T00:49:51: 5006:C 11 Jul 2026 00:49:51.421 # Redis version=7.0.15, bits=64, commit=00000000, modified=0, pid=5006, just started
2026-07-11T00:49:51: 5006:C 11 Jul 2026 00:49:51.421 # Configuration loaded
2026-07-11T00:49:51: 5006:M 11 Jul 2026 00:49:51.421 # Server initialized
2026-07-11T00:51:43: 5006:signal-handler (1783731103) Received SIGINT scheduling shutdown...
2026-07-11T00:51:43: 5006:M 11 Jul 2026 00:51:43.189 # User requested shutdown...
2026-07-11T00:51:43: 5006:M 11 Jul 2026 00:51:43.193 # Redis is now ready to exit, bye bye...
2026-07-11T00:51:46: 6317:C 11 Jul 2026 00:51:46.800 # oO0OoO0OoO0Oo Redis is starting oO0OoO0OoO0Oo
2026-07-11T00:51:46: 6317:C 11 Jul 2026 00:51:46.800 # Redis version=7.0.15, bits=64, commit=00000000, modified=0, pid=6317, just started
2026-07-11T00:51:46: 6317:C 11 Jul 2026 00:51:46.800 # Configuration loaded
2026-07-11T00:51:46: 6317:M 11 Jul 2026 00:51:46.801 # Server initialized
2026-07-11T00:52:06: 6317:signal-handler (1783731126) Received SIGINT scheduling shutdown...
2026-07-11T00:52:06: 6317:M 11 Jul 2026 00:52:06.377 # User requested shutdown...
2026-07-11T00:52:06: 6317:M 11 Jul 2026 00:52:06.381 # Redis is now ready to exit, bye bye...
2026-07-11T00:52:09: 6894:C 11 Jul 2026 00:52:09.888 # oO0OoO0OoO0Oo Redis is starting oO0OoO0OoO0Oo
2026-07-11T00:52:09: 6894:C 11 Jul 2026 00:52:09.888 # Redis version=7.0.15, bits=64, commit=00000000, modified=0, pid=6894, just started
2026-07-11T00:52:09: 6894:C 11 Jul 2026 00:52:09.888 # Configuration loaded
2026-07-11T00:52:09: 6894:M 11 Jul 2026 00:52:09.889 # Server initialized
2026-07-11T01:11:08: 6894:signal-handler (1783732268) Received SIGINT scheduling shutdown...
2026-07-11T01:11:08: 6894:M 11 Jul 2026 01:11:08.207 # User requested shutdown...
2026-07-11T01:11:08: 6894:M 11 Jul 2026 01:11:08.211 # Redis is now ready to exit, bye bye...
2026-07-11T01:11:11: 14351:C 11 Jul 2026 01:11:11.752 # oO0OoO0OoO0Oo Redis is starting oO0OoO0OoO0Oo
2026-07-11T01:11:11: 14351:C 11 Jul 2026 01:11:11.752 # Redis version=7.0.15, bits=64, commit=00000000, modified=0, pid=14351, just started
2026-07-11T01:11:11: 14351:C 11 Jul 2026 01:11:11.752 # Configuration loaded
2026-07-11T01:11:11: 14351:M 11 Jul 2026 01:11:11.753 # Server initialized
2026-07-11T01:21:51: 14351:signal-handler (1783732911) Received SIGINT scheduling shutdown...
2026-07-11T01:21:51: 14351:M 11 Jul 2026 01:21:51.549 # User requested shutdown...
2026-07-11T01:21:51: 14351:M 11 Jul 2026 01:21:51.553 # Redis is now ready to exit, bye bye...
2026-07-11T01:21:57: 18670:C 11 Jul 2026 01:21:57.100 # oO0OoO0OoO0Oo Redis is starting oO0OoO0OoO0Oo
2026-07-11T01:21:57: 18670:C 11 Jul 2026 01:21:57.100 # Redis version=7.0.15, bits=64, commit=00000000, modified=0, pid=18670, just started
2026-07-11T01:21:57: 18670:C 11 Jul 2026 01:21:57.100 # Configuration loaded
2026-07-11T01:21:57: 18670:M 11 Jul 2026 01:21:57.100 # Server initialized
2026-07-11T01:24:46: 18670:signal-handler (1783733086) Received SIGINT scheduling shutdown...
2026-07-11T01:24:46: 18670:M 11 Jul 2026 01:24:46.185 # User requested shutdown...
2026-07-11T01:24:46: 18670:M 11 Jul 2026 01:24:46.190 # Redis is now ready to exit, bye bye...
2026-07-11T01:24:49: 20050:C 11 Jul 2026 01:24:49.696 # oO0OoO0OoO0Oo Redis is starting oO0OoO0OoO0Oo
2026-07-11T01:24:49: 20050:C 11 Jul 2026 01:24:49.696 # Redis version=7.0.15, bits=64, commit=00000000, modified=0, pid=20050, just started
2026-07-11T01:24:49: 20050:C 11 Jul 2026 01:24:49.696 # Configuration loaded
2026-07-11T01:24:49: 20050:M 11 Jul 2026 01:24:49.697 # Server initialized
2026-07-11T05:57:10: 460:C 11 Jul 2026 05:57:10.745 # oO0OoO0OoO0Oo Redis is starting oO0OoO0OoO0Oo
2026-07-11T05:57:10: 460:C 11 Jul 2026 05:57:10.745 # Redis version=7.0.15, bits=64, commit=00000000, modified=0, pid=460, just started
2026-07-11T05:57:10: 460:C 11 Jul 2026 05:57:10.745 # Configuration loaded
2026-07-11T05:57:10: 460:M 11 Jul 2026 05:57:10.746 # Server initialized
2026-07-11T18:15:52: 460:signal-handler (1783793752) Received SIGINT scheduling shutdown...
2026-07-11T18:15:52: 460:M 11 Jul 2026 18:15:52.584 # User requested shutdown...
2026-07-11T18:15:52: 460:M 11 Jul 2026 18:15:52.589 # Redis is now ready to exit, bye bye...
2026-07-11T18:15:56: 48490:C 11 Jul 2026 18:15:56.129 # oO0OoO0OoO0Oo Redis is starting oO0OoO0OoO0Oo
2026-07-11T18:15:56: 48490:C 11 Jul 2026 18:15:56.129 # Redis version=7.0.15, bits=64, commit=00000000, modified=0, pid=48490, just started
2026-07-11T18:15:56: 48490:C 11 Jul 2026 18:15:56.129 # Configuration loaded
2026-07-11T18:15:56: 48490:M 11 Jul 2026 18:15:56.130 # Server initialized
2026-07-11T19:02:57: 48490:signal-handler (1783796577) Received SIGINT scheduling shutdown...
2026-07-11T19:02:57: 48490:M 11 Jul 2026 19:02:57.974 # User requested shutdown...
2026-07-11T19:02:57: 48490:M 11 Jul 2026 19:02:57.979 # Redis is now ready to exit, bye bye...
2026-07-11T19:03:01: 59851:C 11 Jul 2026 19:03:01.564 # oO0OoO0OoO0Oo Redis is starting oO0OoO0OoO0Oo
2026-07-11T19:03:01: 59851:C 11 Jul 2026 19:03:01.564 # Redis version=7.0.15, bits=64, commit=00000000, modified=0, pid=59851, just started
2026-07-11T19:03:01: 59851:C 11 Jul 2026 19:03:01.564 # Configuration loaded
2026-07-11T19:03:01: 59851:M 11 Jul 2026 19:03:01.565 # Server initialized
2026-07-11T19:59:46: 59851:signal-handler (1783799986) Received SIGINT scheduling shutdown...
2026-07-11T19:59:46: 59851:M 11 Jul 2026 19:59:46.115 # User requested shutdown...
2026-07-11T19:59:46: 59851:M 11 Jul 2026 19:59:46.119 # Redis is now ready to exit, bye bye...
2026-07-11T19:59:49: 13965:C 11 Jul 2026 19:59:49.662 # oO0OoO0OoO0Oo Redis is starting oO0OoO0OoO0Oo
2026-07-11T19:59:49: 13965:C 11 Jul 2026 19:59:49.662 # Redis version=7.0.15, bits=64, commit=00000000, modified=0, pid=13965, just started
2026-07-11T19:59:49: 13965:C 11 Jul 2026 19:59:49.662 # Configuration loaded
2026-07-11T19:59:49: 13965:M 11 Jul 2026 19:59:49.663 # Server initialized
2026-07-11T21:58:44: 13965:signal-handler (1783807124) Received SIGINT scheduling shutdown...
2026-07-11T21:58:44: 13965:M 11 Jul 2026 21:58:44.745 # User requested shutdown...
2026-07-11T21:58:44: 13965:M 11 Jul 2026 21:58:44.749 # Redis is now ready to exit, bye bye...
2026-07-11T21:58:48: 39294:C 11 Jul 2026 21:58:48.293 # oO0OoO0OoO0Oo Redis is starting oO0OoO0OoO0Oo
2026-07-11T21:58:48: 39294:C 11 Jul 2026 21:58:48.293 # Redis version=7.0.15, bits=64, commit=00000000, modified=0, pid=39294, just started
2026-07-11T21:58:48: 39294:C 11 Jul 2026 21:58:48.293 # Configuration loaded
2026-07-11T21:58:48: 39294:M 11 Jul 2026 21:58:48.294 # Server initialized
2026-07-14T20:00:29: 39294:signal-handler (1784059229) Received SIGINT scheduling shutdown...
2026-07-14T20:00:29: 39294:M 14 Jul 2026 20:00:29.968 # User requested shutdown...
2026-07-14T20:00:29: 39294:M 14 Jul 2026 20:00:29.972 # Redis is now ready to exit, bye bye...
2026-07-14T20:00:33: 11199:C 14 Jul 2026 20:00:33.563 # oO0OoO0OoO0Oo Redis is starting oO0OoO0OoO0Oo
2026-07-14T20:00:33: 11199:C 14 Jul 2026 20:00:33.563 # Redis version=7.0.15, bits=64, commit=00000000, modified=0, pid=11199, just started
2026-07-14T20:00:33: 11199:C 14 Jul 2026 20:00:33.563 # Configuration loaded
2026-07-14T20:00:33: 11199:M 14 Jul 2026 20:00:33.564 # Server initialized
